{"contracts/Raffle.sol":{"l":{"62":3,"63":3,"64":3,"65":3,"66":3,"67":3,"68":3,"69":3,"73":5,"74":1,"77":4,"78":1,"81":3,"84":3,"101":1,"102":1,"103":1,"104":1,"105":1,"114":1,"115":1,"116":0,"122":1,"123":1,"130":1,"137":0,"138":0,"139":0,"140":0,"141":0,"142":0,"143":0,"144":0,"145":0,"147":0,"152":5,"156":5,"160":1,"164":0,"168":1,"173":0,"177":0,"181":0,"185":0},"path":"/Users/leejeewoo/SmartContractDev/hardhat-smartcontract-lottery/contracts/Raffle.sol","s":{"1":3,"2":3,"3":3,"4":3,"5":3,"6":3,"7":3,"8":3,"9":5,"10":4,"11":3,"12":3,"13":1,"14":1,"15":1,"16":1,"17":1,"18":1,"19":1,"20":1,"21":1,"22":1,"23":0,"24":0,"25":0,"26":0,"27":0,"28":0,"29":0,"30":0,"31":0,"32":5,"33":5,"34":1,"35":0,"36":1,"37":0,"38":0,"39":0,"40":0},"b":{"1":[1,4],"2":[1,3],"3":[0,1],"4":[0,0]},"f":{"1":3,"2":5,"3":1,"4":1,"5":0,"6":5,"7":5,"8":1,"9":0,"10":1,"11":0,"12":0,"13":0,"14":0},"fnMap":{"1":{"name":"constructor","line":61,"loc":{"start":{"line":54,"column":4},"end":{"line":70,"column":4}}},"2":{"name":"enterRaffle","line":72,"loc":{"start":{"line":72,"column":4},"end":{"line":85,"column":4}}},"3":{"name":"checkUpkeep","line":91,"loc":{"start":{"line":91,"column":4},"end":{"line":106,"column":4}}},"4":{"name":"performUpkeep","line":108,"loc":{"start":{"line":108,"column":4},"end":{"line":131,"column":4}}},"5":{"name":"fulfillRandomWords","line":133,"loc":{"start":{"line":133,"column":4},"end":{"line":148,"column":4}}},"6":{"name":"getInterval","line":151,"loc":{"start":{"line":151,"column":4},"end":{"line":153,"column":4}}},"7":{"name":"getEntranceFee","line":155,"loc":{"start":{"line":155,"column":4},"end":{"line":157,"column":4}}},"8":{"name":"getPlayer","line":159,"loc":{"start":{"line":159,"column":4},"end":{"line":161,"column":4}}},"9":{"name":"getRecentWinner","line":163,"loc":{"start":{"line":163,"column":4},"end":{"line":165,"column":4}}},"10":{"name":"getRaffleState","line":167,"loc":{"start":{"line":167,"column":4},"end":{"line":169,"column":4}}},"11":{"name":"getNumWords","line":171,"loc":{"start":{"line":171,"column":4},"end":{"line":174,"column":4}}},"12":{"name":"getNumberOfPlayers","line":176,"loc":{"start":{"line":176,"column":4},"end":{"line":178,"column":4}}},"13":{"name":"getLatestTimeStamp","line":180,"loc":{"start":{"line":180,"column":4},"end":{"line":182,"column":4}}},"14":{"name":"getRequestConfirmations","line":184,"loc":{"start":{"line":184,"column":4},"end":{"line":186,"column":4}}}},"statementMap":{"1":{"start":{"line":62,"column":8},"end":{"line":62,"column":34}},"2":{"start":{"line":63,"column":8},"end":{"line":63,"column":69}},"3":{"start":{"line":64,"column":8},"end":{"line":64,"column":26}},"4":{"start":{"line":65,"column":8},"end":{"line":65,"column":40}},"5":{"start":{"line":66,"column":8},"end":{"line":66,"column":44}},"6":{"start":{"line":67,"column":8},"end":{"line":67,"column":39}},"7":{"start":{"line":68,"column":8},"end":{"line":68,"column":40}},"8":{"start":{"line":69,"column":8},"end":{"line":69,"column":28}},"9":{"start":{"line":73,"column":8},"end":{"line":73,"column":2412}},"10":{"start":{"line":77,"column":8},"end":{"line":77,"column":2507}},"11":{"start":{"line":81,"column":8},"end":{"line":81,"column":42}},"12":{"start":{"line":84,"column":8},"end":{"line":84,"column":36}},"13":{"start":{"line":101,"column":8},"end":{"line":101,"column":55}},"14":{"start":{"line":102,"column":8},"end":{"line":102,"column":76}},"15":{"start":{"line":103,"column":8},"end":{"line":103,"column":48}},"16":{"start":{"line":104,"column":8},"end":{"line":104,"column":51}},"17":{"start":{"line":105,"column":8},"end":{"line":105,"column":72}},"18":{"start":{"line":114,"column":8},"end":{"line":114,"column":47}},"19":{"start":{"line":115,"column":8},"end":{"line":115,"column":3746}},"20":{"start":{"line":122,"column":8},"end":{"line":122,"column":46}},"21":{"start":{"line":123,"column":8},"end":{"line":123,"column":4006}},"22":{"start":{"line":130,"column":8},"end":{"line":130,"column":45}},"23":{"start":{"line":137,"column":8},"end":{"line":137,"column":65}},"24":{"start":{"line":138,"column":8},"end":{"line":138,"column":63}},"25":{"start":{"line":139,"column":8},"end":{"line":139,"column":36}},"26":{"start":{"line":140,"column":8},"end":{"line":140,"column":39}},"27":{"start":{"line":141,"column":8},"end":{"line":141,"column":43}},"28":{"start":{"line":142,"column":8},"end":{"line":142,"column":40}},"29":{"start":{"line":143,"column":8},"end":{"line":143,"column":78}},"30":{"start":{"line":144,"column":8},"end":{"line":144,"column":4785}},"31":{"start":{"line":147,"column":8},"end":{"line":147,"column":39}},"32":{"start":{"line":152,"column":8},"end":{"line":152,"column":25}},"33":{"start":{"line":156,"column":8},"end":{"line":156,"column":28}},"34":{"start":{"line":160,"column":8},"end":{"line":160,"column":31}},"35":{"start":{"line":164,"column":8},"end":{"line":164,"column":29}},"36":{"start":{"line":168,"column":8},"end":{"line":168,"column":28}},"37":{"start":{"line":173,"column":8},"end":{"line":173,"column":24}},"38":{"start":{"line":177,"column":8},"end":{"line":177,"column":31}},"39":{"start":{"line":181,"column":8},"end":{"line":181,"column":30}},"40":{"start":{"line":185,"column":8},"end":{"line":185,"column":35}}},"branchMap":{"1":{"line":73,"type":"if","locations":[{"start":{"line":73,"column":8},"end":{"line":73,"column":8}},{"start":{"line":73,"column":8},"end":{"line":73,"column":8}}]},"2":{"line":77,"type":"if","locations":[{"start":{"line":77,"column":8},"end":{"line":77,"column":8}},{"start":{"line":77,"column":8},"end":{"line":77,"column":8}}]},"3":{"line":115,"type":"if","locations":[{"start":{"line":115,"column":8},"end":{"line":115,"column":8}},{"start":{"line":115,"column":8},"end":{"line":115,"column":8}}]},"4":{"line":144,"type":"if","locations":[{"start":{"line":144,"column":8},"end":{"line":144,"column":8}},{"start":{"line":144,"column":8},"end":{"line":144,"column":8}}]}}},"contracts/test/VRFCoordinatorV2Mock.sol":{"l":{},"path":"/Users/leejeewoo/SmartContractDev/hardhat-smartcontract-lottery/contracts/test/VRFCoordinatorV2Mock.sol","s":{},"b":{},"f":{},"fnMap":{},"statementMap":{},"branchMap":{}}}