TN:
SF:/Users/leejeewoo/SmartContractDev/hardhat-smartcontract-lottery/contracts/Raffle.sol
FN:61,constructor
FN:72,enterRaffle
FN:91,checkUpkeep
FN:108,performUpkeep
FN:133,fulfillRandomWords
FN:151,getInterval
FN:155,getEntranceFee
FN:159,getPlayer
FN:163,getRecentWinner
FN:167,getRaffleState
FN:171,getNumWords
FN:176,getNumberOfPlayers
FN:180,getLatestTimeStamp
FN:184,getRequestConfirmations
FNF:14
FNH:8
FNDA:3,constructor
FNDA:5,enterRaffle
FNDA:1,checkUpkeep
FNDA:1,performUpkeep
FNDA:0,fulfillRandomWords
FNDA:5,getInterval
FNDA:5,getEntranceFee
FNDA:1,getPlayer
FNDA:0,getRecentWinner
FNDA:1,getRaffleState
FNDA:0,getNumWords
FNDA:0,getNumberOfPlayers
FNDA:0,getLatestTimeStamp
FNDA:0,getRequestConfirmations
DA:62,3
DA:63,3
DA:64,3
DA:65,3
DA:66,3
DA:67,3
DA:68,3
DA:69,3
DA:73,5
DA:74,1
DA:77,4
DA:78,1
DA:81,3
DA:84,3
DA:101,1
DA:102,1
DA:103,1
DA:104,1
DA:105,1
DA:114,1
DA:115,1
DA:116,0
DA:122,1
DA:123,1
DA:130,1
DA:137,0
DA:138,0
DA:139,0
DA:140,0
DA:141,0
DA:142,0
DA:143,0
DA:144,0
DA:145,0
DA:147,0
DA:152,5
DA:156,5
DA:160,1
DA:164,0
DA:168,1
DA:173,0
DA:177,0
DA:181,0
DA:185,0
LF:44
LH:28
BRDA:73,1,0,1
BRDA:73,1,1,4
BRDA:77,2,0,1
BRDA:77,2,1,3
BRDA:115,3,0,0
BRDA:115,3,1,1
BRDA:144,4,0,0
BRDA:144,4,1,0
BRF:8
BRH:5
end_of_record
TN:
SF:/Users/leejeewoo/SmartContractDev/hardhat-smartcontract-lottery/contracts/test/VRFCoordinatorV2Mock.sol
FNF:0
FNH:0
LF:0
LH:0
BRF:0
BRH:0
end_of_record
